<?xml version="1.0" encoding="UTF-8"?>
<!-- Generated by org.testng.reporters.JUnitXMLReporter -->
<testsuite hostname="Sony-VAIO" ignored="1" name="Test" tests="9" failures="3" timestamp="20 Nov 2018 06:19:23 GMT" time="0.125" errors="0">
  <testcase name="User_credentials" time="0.0" classname="com.testng.Priority">
    <failure type="org.testng.TestNGException" message="
Parameter &amp;apos;Username&amp;apos; is required by @Test on method User_credentials but has not been marked @Optional or defined
in C:\Users\Sony\eclipse-workspace\Maven\testng.xml">
      <![CDATA[org.testng.TestNGException: 
Parameter 'Username' is required by @Test on method User_credentials but has not been marked @Optional or defined
in C:\Users\Sony\eclipse-workspace\Maven\testng.xml
... Removed 24 stack frames]]>
    </failure>
  </testcase> <!-- User_credentials -->
  <testcase name="test8" time="0.021" classname="com.testng.Priority">
    <failure type="java.lang.AssertionError" message="expected [XYZ] but found [ABC]">
      <![CDATA[java.lang.AssertionError: expected [XYZ] but found [ABC]
at com.testng.Priority.test8(Priority.java:55)
... Removed 31 stack frames]]>
    </failure>
  </testcase> <!-- test8 -->
  <testcase name="test9" time="0.002" classname="com.testng.Priority">
    <failure type="java.lang.Exception">
      <![CDATA[java.lang.Exception
at com.testng.Priority.test9(Priority.java:63)
... Removed 25 stack frames]]>
    </failure>
  </testcase> <!-- test9 -->
  <testcase name="openBrowser" time="0.002" classname="com.testng.DependsOnMethod"/>
  <testcase name="Flow" time="0.002" classname="com.testng.Groups"/>
  <testcase name="forum" time="0.002" classname="com.testng.Groups"/>
  <testcase name="sathyam" time="0.002" classname="com.testng.Groups"/>
  <testcase name="skywalk" time="0.002" classname="com.testng.Groups"/>
  <testcase name="wind" time="0.003" classname="com.testng.Groups"/>
  <testcase name="test5" time="0.0" classname="com.testng.Priority">
    <ignored/>
  </testcase> <!-- test5 -->
</testsuite> <!-- Test -->
